<?xml version="1.0" encoding="UTF-8"?>
<!-- Generated by org.testng.reporters.JUnitReportReporter -->
<testsuite skipped="0" hostname="Navya" name="com.training.restapitest.ApiAutomation" tests="1" failures="0" timestamp="2022-07-21T17:04:56 PDT" time="12.693" errors="0">
  <testcase name="validateLogin" time="12.693" classname="com.training.restapitest.ApiAutomation"/>
  <system-out/>
</testsuite> <!-- com.training.restapitest.ApiAutomation -->
